<?xml version="1.0" encoding="UTF-8"?>
<!-- Generated by org.testng.reporters.JUnitXMLReporter -->
<testsuite hostname="DESKTOP-CPS6JD1" ignored="0" name="Surefire test" tests="3" failures="0" timestamp="02 May 2020 14:04:45 GMT" time="0.063" errors="0">
  <testcase name="OneDayInternational" time="0.0" classname="LearningMaven.MavenDemo.ODiTest"/>
  <testcase name="NinetyOvers" time="0.0" classname="LearningMaven.MavenDemo.TestMatchTest"/>
  <testcase name="fivedays" time="0.0" classname="LearningMaven.MavenDemo.TestMatchTest"/>
</testsuite> <!-- Surefire test -->
