<?xml version="1.0" encoding="UTF-8"?>
<!-- Generated by org.testng.reporters.JUnitXMLReporter -->
<testsuite hostname="DESKTOP-CPS6JD1" ignored="0" name="Test" tests="3" failures="0" timestamp="31 May 2020 16:59:10 GMT" time="0.031" errors="0">
  <testcase name="OneDayInternational" time="0.0" classname="LearningMaven.MavenDemo.ODiTest"/>
  <testcase name="NinetyOvers" time="0.0" classname="LearningMaven.MavenDemo.TestMatchTest"/>
  <testcase name="fivedays" time="0.0" classname="LearningMaven.MavenDemo.TestMatchTest"/>
</testsuite> <!-- Test -->
