<?xml version="1.0" encoding="UTF-8"?>
<testsuite xmlns:xsi="http://www.w3.org/2001/XMLSchema-instance" xsi:noNamespaceSchemaLocation="https://maven.apache.org/surefire/maven-surefire-plugin/xsd/surefire-test-report-3.0.xsd" version="3.0" name="TestSuite" time="1.515" tests="3" errors="0" skipped="0" failures="0">
  <properties>
[...]
</properties>
  <testcase name="OneDayInternational" classname="LearningMaven.MavenDemo.ODiTest" time="0.016"/>
  <testcase name="NinetyOvers" classname="LearningMaven.MavenDemo.TestMatchTest" time="0"/>
  <testcase name="fivedays" classname="LearningMaven.MavenDemo.TestMatchTest" time="0"/>
</testsuite>