<?xml version="1.0" encoding="UTF-8"?>
<testng-results skipped="0" failed="0" ignored="0" total="3" passed="3">
  <reporter-output>
  </reporter-output>
  <suite name="Suite" duration-ms="31" started-at="2020-05-31T16:59:10Z" finished-at="2020-05-31T16:59:10Z">
    <groups>
    </groups>
    <test name="Test" duration-ms="31" started-at="2020-05-31T16:59:10Z" finished-at="2020-05-31T16:59:10Z">
      <class name="LearningMaven.MavenDemo.ODiTest">
        <test-method status="PASS" signature="OneDayInternational()[pri:0, instance:LearningMaven.MavenDemo.ODiTest@6e38921c]" name="OneDayInternational" duration-ms="0" started-at="2020-05-31T22:29:10Z" finished-at="2020-05-31T22:29:10Z">
          <reporter-output>
          </reporter-output>
        </test-method> <!-- OneDayInternational -->
      </class> <!-- LearningMaven.MavenDemo.ODiTest -->
      <class name="LearningMaven.MavenDemo.TestMatchTest">
        <test-method status="PASS" signature="NinetyOvers()[pri:0, instance:LearningMaven.MavenDemo.TestMatchTest@49070868]" name="NinetyOvers" duration-ms="0" started-at="2020-05-31T22:29:10Z" finished-at="2020-05-31T22:29:10Z">
          <reporter-output>
          </reporter-output>
        </test-method> <!-- NinetyOvers -->
        <test-method status="PASS" signature="fivedays()[pri:0, instance:LearningMaven.MavenDemo.TestMatchTest@49070868]" name="fivedays" duration-ms="0" started-at="2020-05-31T22:29:10Z" finished-at="2020-05-31T22:29:10Z">
          <reporter-output>
          </reporter-output>
        </test-method> <!-- fivedays -->
      </class> <!-- LearningMaven.MavenDemo.TestMatchTest -->
    </test> <!-- Test -->
  </suite> <!-- Suite -->
</testng-results>
