<?xml version="1.0" encoding="UTF-8"?>
<testng-results skipped="0" failed="0" ignored="0" total="1" passed="1">
  <reporter-output>
  </reporter-output>
  <suite name="Default suite" duration-ms="95" started-at="2020-05-31T21:54:25 IST" finished-at="2020-05-31T21:54:25 IST">
    <groups>
    </groups>
    <test name="Default test" duration-ms="95" started-at="2020-05-31T21:54:25 IST" finished-at="2020-05-31T21:54:25 IST">
      <class name="LearningMaven.MavenDemo.ODiTest">
        <test-method status="PASS" signature="OneDayInternational()[pri:0, instance:LearningMaven.MavenDemo.ODiTest@8b87145]" name="OneDayInternational" duration-ms="13" started-at="2020-05-31T21:54:25 IST" finished-at="2020-05-31T21:54:25 IST">
          <reporter-output>
          </reporter-output>
        </test-method> <!-- OneDayInternational -->
      </class> <!-- LearningMaven.MavenDemo.ODiTest -->
    </test> <!-- Default test -->
  </suite> <!-- Default suite -->
</testng-results>
